<?xml version="1.0" encoding="UTF-8"?>
<!-- Generated by org.testng.reporters.JUnitReportReporter -->
<testsuite hostname="DESKTOP-1A5LGLI" failures="0" tests="1" name="cucumber.TestNGTestRunner" time="23.505" errors="0" timestamp="2024-02-14T12:02:04 IST" skipped="0">
  <testcase classname="cucumber.TestNGTestRunner" name="runScenario" time="23.505"/>
  <system-out/>
</testsuite> <!-- cucumber.TestNGTestRunner -->
