<?xml version="1.0" encoding="UTF-8"?>
<!-- Generated by org.testng.reporters.JUnitReportReporter -->
<testsuite hostname="DESKTOP-1A5LGLI" failures="0" tests="1" name="cucumber.TestNGTestRunner" time="28.100" errors="0" timestamp="2024-02-15T13:00:19 IST" skipped="0">
  <testcase classname="cucumber.TestNGTestRunner" name="runScenario" time="28.100"/>
  <system-out/>
</testsuite> <!-- cucumber.TestNGTestRunner -->
