<?xml version="1.0" encoding="UTF-8"?>
<!-- Generated by org.testng.reporters.JUnitReportReporter -->
<testsuite hostname="DESKTOP-1A5LGLI" failures="0" tests="1" name="xenCart.Test.SubmitOrderTest" time="34.392" errors="0" timestamp="2024-02-15T13:18:38 IST" skipped="0">
  <testcase classname="xenCart.Test.SubmitOrderTest" name="submitOrder" time="34.392"/>
  <system-out/>
</testsuite> <!-- xenCart.Test.SubmitOrderTest -->
